kiva v0.3.1-164-g49bbc34 (windows-gnu-x86)
Copyright (C) 2012-2017 Big Ladder Software LLC
Web: bigladdersoftware.com

Starting Program: 2017-Feb-13 20:28:35.259940
Creating Domain...
  X Cells: 41
  Y Cells: 1
  Z Cells: 55
  Total Cells: 2255
Initializing Temperatures...
  2014-Feb-01 10:00:00
  2014-Jun-22 09:00:00
  2014-Nov-09 17:00:00
Beginning Simulation...
  2015-Mar-21 13:00:00 (21.8%)
  2015-Jul-19 11:00:00 (54.6%)
  2015-Nov-22 09:00:00 (89.1%)
  2015-Dec-31 23:00:00 (100%)
Finished Program: 2017-Feb-13 20:28:41.322438
Elapsed Time: 00:00:06.062498
