kiva v0.3.1-gec467fa (linux-gnu-64bit)
Copyright (C) 2012-2017 Big Ladder Software LLC
Web: bigladdersoftware.com
Starting Program: 2017-Apr-04 00:39:21.824649
Creating Domain...
  X Cells: 48
  Y Cells: 1
  Z Cells: 34
  Total Cells: 1632
Initializing Temperatures...
  2013-Oct-22 23:00:00
  2014-May-14 07:00:00
  2014-Oct-19 23:00:00
Beginning Simulation...
  2015-Mar-07 07:00:00 (17.9%)
  2015-Jul-01 07:00:00 (49.7%)
  2015-Nov-06 22:00:00 (84.9%)
  2015-Dec-31 23:00:00 (100%)
Finished Program: 2017-Apr-04 00:39:27.399291
Elapsed Time: 00:00:05.574642
