kiva v0.5.0+HEAD.83f870f.31 (windows-msvc-32bit)
Copyright (C) 2012-2019 Big Ladder Software LLC
Web: bigladdersoftware.com
Starting Program: 2019-Apr-08 17:46:11.324937
Creating Domain...
  X Cells: 41
  Y Cells: 1
  Z Cells: 50
  Total Cells: 2050
Initializing Temperatures...
  2014-Jan-19 08:00:00
  2014-May-18 08:00:00
  2014-Sep-22 21:00:00
Beginning Simulation...
  2015-Jan-22 19:00:00 (6%)
  2015-May-06 22:00:00 (34.5%)
  2015-Sep-13 12:00:00 (70%)
  2015-Dec-31 23:00:00 (100%)
Finished Program: 2019-Apr-08 17:46:17.934318
Elapsed Time: 00:00:06.609381
