kiva v?.?.?
Copyright (C) 2012-2017 Big Ladder Software LLC
Web: bigladdersoftware.com

Starting Program: 2017-Feb-08 23:08:09.534510
Creating Domain...
  X Cells: 41
  Y Cells: 1
  Z Cells: 50
  Total Cells: 2050
Initializing Temperatures...
  2014-Feb-09 01:00:00
  2014-Aug-13 18:00:00
Beginning Simulation...
  2015-Jan-18 00:00:00 (4.7%)
  2015-Apr-12 20:00:00 (27.9%)
  2015-Jul-24 08:00:00 (56%)
  2015-Nov-27 15:00:00 (90.6%)
  2015-Dec-31 23:00:00 (100%)
Finished Program: 2017-Feb-08 23:08:15.514832
Elapsed Time: 00:00:05.980322
