kiva v0.4.0-gd3d161f (windows-gnu-64bit)
Copyright (C) 2012-2018 Big Ladder Software LLC
Web: bigladdersoftware.com
Starting Program: 2018-Jun-21 18:03:48.822284
Creating Domain...
  X Cells: 48
  Y Cells: 1
  Z Cells: 34
  Total Cells: 1632
Initializing Temperatures...
  2014-Feb-13 12:00:00
  2014-Jun-23 21:00:00
  2014-Nov-04 05:00:00
Beginning Simulation...
  2015-Mar-15 14:00:00 (20.2%)
  2015-Jun-22 13:00:00 (47.3%)
  2015-Oct-07 05:00:00 (76.5%)
  2015-Dec-31 23:00:00 (100%)
Finished Program: 2018-Jun-21 18:03:55.775411
Elapsed Time: 00:00:06.953127
