kiva v0.3.1-164-ga9a215d (windows-msvc-x86)
Copyright (C) 2012-2017 Big Ladder Software LLC
Web: bigladdersoftware.com

Starting Program: 2017-Feb-21 18:29:31.496166
Creating Domain...
  X Cells: 41
  Y Cells: 1
  Z Cells: 55
  Total Cells: 2255
Initializing Temperatures...
  2014-Jan-26 04:00:00
  2014-Jul-03 03:00:00
  2014-Dec-10 15:00:00
Beginning Simulation...
  2015-Mar-18 14:00:00 (21%)
  2015-Jul-28 14:00:00 (57.1%)
  2015-Dec-14 00:00:00 (95.1%)
  2015-Dec-31 23:00:00 (100%)
Finished Program: 2017-Feb-21 18:29:37.124970
Elapsed Time: 00:00:05.628804
