<<<<<<< HEAD
kiva v0.6.3+ci-gcc-11.278a6945.87 (windows-msvc-64bit)
Copyright (C) 2012-2022 Big Ladder Software LLC
Web: bigladdersoftware.com
Starting Program: 2022-Aug-16 21:41:11.494902
=======
kiva v0.6.3+ci-gcc-11.d4a5e55e.88 (windows-msvc-64bit)
Copyright (C) 2012-2022 Big Ladder Software LLC
Web: bigladdersoftware.com
Starting Program: 2022-Aug-16 21:43:23.129049
>>>>>>> 39d4f059 (Configure the enviroment depending on the compiler of choice. [windows-msvc-64bit])
Creating Domain...
  X Cells: 48
  Y Cells: 1
  Z Cells: 34
  Total Cells: 1632
Initializing Temperatures...
<<<<<<< HEAD
  2014-Apr-23 21:00:00
Beginning Simulation...
  2015-Mar-09 17:00:00 (18.6%)
  2015-Dec-31 23:00:00 (100%)
Finished Program: 2022-Aug-16 21:41:13.965635
Elapsed Time: 00:00:02.470733
=======
  2014-Jul-16 09:00:00
Beginning Simulation...
  2015-Apr-24 04:00:00 (31%)
  2015-Dec-31 23:00:00 (100%)
Finished Program: 2022-Aug-16 21:43:25.958288
Elapsed Time: 00:00:02.829239
>>>>>>> 39d4f059 (Configure the enviroment depending on the compiler of choice. [windows-msvc-64bit])
