kiva v0.4.0-gc4b0289 (windows-gnu-64bit)
Copyright (C) 2012-2018 Big Ladder Software LLC
Web: bigladdersoftware.com
Starting Program: 2018-Jul-26 00:45:57.823401
Creating Domain...
  X Cells: 41
  Y Cells: 1
  Z Cells: 55
  Total Cells: 2255
Initializing Temperatures...
  2014-Apr-02 05:00:00
  2014-Aug-14 19:00:00
Beginning Simulation...
  2015-Jan-03 11:00:00 (0.7%)
  2015-May-02 23:00:00 (33.4%)
  2015-Sep-01 10:00:00 (66.7%)
  2015-Dec-31 22:00:00 (100%)
  2015-Dec-31 23:00:00 (100%)
Finished Program: 2018-Jul-26 00:46:04.010895
Elapsed Time: 00:00:06.187494
