kiva v0.3.1-g5ae9dc1 (mac-clang-64bit)
Copyright (C) 2012-2017 Big Ladder Software LLC
Web: bigladdersoftware.com
Starting Program: 2017-Apr-04 20:02:37.752607
Creating Domain...
  X Cells: 41
  Y Cells: 1
  Z Cells: 55
  Total Cells: 2255
Initializing Temperatures...
  2013-Oct-22 23:00:00
  2014-May-04 17:00:00
  2014-Sep-09 16:00:00
Beginning Simulation...
  2015-Jan-18 14:00:00 (4.8%)
  2015-Apr-25 20:00:00 (31.5%)
  2015-Jun-05 15:00:00 (42.6%)
  2015-Sep-06 15:00:00 (68.1%)
  2015-Nov-30 03:00:00 (91.3%)
  2015-Dec-31 23:00:00 (100%)
Finished Program: 2017-Apr-04 20:02:45.450536
Elapsed Time: 00:00:07.697929
