kiva v?.?.?
Copyright (C) 2012-2017 Big Ladder Software LLC
Web: bigladdersoftware.com

Starting Program: 2017-Feb-08 01:02:59.044563
Creating Domain...
  X Cells: 41
  Y Cells: 1
  Z Cells: 55
  Total Cells: 2255
Initializing Temperatures...
  2014-Mar-25 20:00:00
  2014-Jul-11 21:00:00
  2014-Oct-08 05:00:00
Beginning Simulation...
  2015-Jan-06 22:00:00 (1.6%)
  2015-Apr-04 18:00:00 (25.7%)
  2015-Jul-08 19:00:00 (51.7%)
  2015-Oct-12 04:00:00 (77.9%)
  2015-Dec-31 23:00:00 (100%)
Finished Program: 2017-Feb-08 01:03:06.839308
Elapsed Time: 00:00:07.794745
