kiva v0.3.1-114-g505ac82 (linux-gnu-x86_64)
Copyright (C) 2012-2016 Big Ladder Software
Web: www.bigladdersoftware.com

Starting Program: 2016-Oct-19 17:37:11.788961
Creating Domain...
  X Cells: 41
  Y Cells: 1
  Z Cells: 50
  Total Cells: 2050
Initializing Temperatures...
  2013-Nov-12 23:00:00
  2014-May-11 08:00:00
  2014-Oct-09 11:00:00
Beginning Simulation...
  2015-Feb-26 00:00:00 (15.3%)
  2015-Jul-03 16:00:00 (50.3%)
  2015-Nov-07 11:00:00 (85.1%)
  2015-Dec-31 23:00:00 (100%)
Finished Program: 2016-Oct-19 17:37:17.430553
Elapsed Time: 00:00:05.641592
