kiva v0.4.0-gc23d45a (linux-gnu-64bit)
Copyright (C) 2012-2018 Big Ladder Software LLC
Web: bigladdersoftware.com
Starting Program: 2018-Jun-19 21:47:43.157393
Creating Domain...
  X Cells: 41
  Y Cells: 1
  Z Cells: 55
  Total Cells: 2255
Initializing Temperatures...
  2014-Mar-30 03:00:00
  2014-Aug-13 23:00:00
  2014-Dec-29 09:00:00
Beginning Simulation...
  2015-Apr-26 16:00:00 (31.7%)
  2015-Aug-22 15:00:00 (64%)
  2015-Dec-20 12:00:00 (96.8%)
  2015-Dec-31 23:00:00 (100%)
Finished Program: 2018-Jun-19 21:47:49.100676
Elapsed Time: 00:00:05.943283
