kiva v0.4.0-g3e85f91 (windows-gnu-64bit)
Copyright (C) 2012-2018 Big Ladder Software LLC
Web: bigladdersoftware.com
Starting Program: 2018-Jul-24 21:29:10.873221
Creating Domain...
  X Cells: 41
  Y Cells: 1
  Z Cells: 50
  Total Cells: 2050
Initializing Temperatures...
  2014-Mar-02 10:00:00
  2014-Jul-21 03:00:00
  2014-Dec-12 13:00:00
Beginning Simulation...
  2015-Apr-23 10:00:00 (30.8%)
  2015-Aug-24 12:00:00 (64.5%)
  2015-Dec-25 15:00:00 (98.3%)
  2015-Dec-31 23:00:00 (100%)
Finished Program: 2018-Jul-24 21:29:17.076343
Elapsed Time: 00:00:06.203122
