kiva v0.5.0+HEAD.066e088.9 (windows-gnu-32bit)
Copyright (C) 2012-2019 Big Ladder Software LLC
Web: bigladdersoftware.com
Starting Program: 2019-Mar-06 19:02:31.246340
Creating Domain...
  X Cells: 48
  Y Cells: 1
  Z Cells: 34
  Total Cells: 1632
Initializing Temperatures...
  2013-Nov-12 23:00:00
  2014-May-19 22:00:00
  2014-Oct-20 00:00:00
Beginning Simulation...
  2015-Mar-09 18:00:00 (18.6%)
  2015-Jul-10 03:00:00 (52.1%)
  2015-Nov-17 21:00:00 (87.9%)
  2015-Dec-31 23:00:00 (100%)
Finished Program: 2019-Mar-06 19:02:37.340106
Elapsed Time: 00:00:06.093766
