kiva v?.?.?
Copyright (C) 2012-2017 Big Ladder Software LLC
Web: bigladdersoftware.com

Starting Program: 2017-Feb-08 15:03:02.607454
Creating Domain...
  X Cells: 48
  Y Cells: 1
  Z Cells: 34
  Total Cells: 1632
Initializing Temperatures...
  2014-Jan-19 11:00:00
  2014-Jun-17 04:00:00
  2014-Nov-09 01:00:00
Beginning Simulation...
  2015-Apr-06 14:00:00 (26.2%)
  2015-Aug-17 14:00:00 (62.6%)
  2015-Dec-30 06:00:00 (99.5%)
  2015-Dec-31 23:00:00 (100%)
Finished Program: 2017-Feb-08 15:03:08.013045
Elapsed Time: 00:00:05.405591
