kiva v?.?.?
Copyright (C) 2012-2017 Big Ladder Software LLC
Web: bigladdersoftware.com

Starting Program: 2017-Feb-08 22:30:59.765053
Creating Domain...
  X Cells: 41
  Y Cells: 1
  Z Cells: 55
  Total Cells: 2255
Initializing Temperatures...
  2013-Dec-31 23:00:00
  2014-Jun-04 22:00:00
  2014-Nov-18 05:00:00
Beginning Simulation...
  2015-Mar-07 17:00:00 (18%)
  2015-May-28 11:00:00 (40.4%)
  2015-Jun-07 21:00:00 (43.3%)
  2015-Oct-12 05:00:00 (77.9%)
  2015-Dec-31 23:00:00 (100%)
Finished Program: 2017-Feb-08 22:31:06.656366
Elapsed Time: 00:00:06.891313
