kiva v0.3.1-g329a609 (windows-gnu-32bit)
Copyright (C) 2012-2017 Big Ladder Software LLC
Web: bigladdersoftware.com
Starting Program: 2017-Apr-04 21:02:31.303870
Creating Domain...
  X Cells: 41
  Y Cells: 1
  Z Cells: 55
  Total Cells: 2255
Initializing Temperatures...
  2014-Jan-18 08:00:00
  2014-Jun-08 05:00:00
  2014-Oct-26 16:00:00
Beginning Simulation...
  2015-Mar-06 21:00:00 (17.8%)
  2015-Jul-03 22:00:00 (50.4%)
  2015-Nov-07 05:00:00 (85%)
  2015-Dec-31 23:00:00 (100%)
Finished Program: 2017-Apr-04 21:02:37.444479
Elapsed Time: 00:00:06.140609
