kiva v0.6.6+develop.0fc63cf8.5 (mac-appleclang-64bit)
Copyright (C) 2012-2023 Big Ladder Software LLC
Web: bigladdersoftware.com
<<<<<<< HEAD
Starting Program: 2023-Jul-31 18:31:18.151768
=======
Starting Program: 2023-Jul-31 18:31:28.783831
>>>>>>> ba47bcdf1 (Merge pull request #66 from bigladder/Update-math-gl2)
Creating Domain...
  X Cells: 41
  Y Cells: 1
  Z Cells: 55
  Total Cells: 2255
Initializing Temperatures...
<<<<<<< HEAD
  2014-Aug-08 18:00:00
Beginning Simulation...
  2015-May-09 20:00:00 (35.3%)
  2015-Dec-31 23:00:00 (100%)
Finished Program: 2023-Jul-31 18:31:20.954629
Elapsed Time: 00:00:02.802861
=======
  2014-Jan-26 20:00:00
  2014-Nov-25 01:00:00
Beginning Simulation...
  2015-Aug-05 05:00:00 (59.2%)
  2015-Dec-31 23:00:00 (100%)
Finished Program: 2023-Jul-31 18:31:31.586797
Elapsed Time: 00:00:02.802966
>>>>>>> ba47bcdf1 (Merge pull request #66 from bigladder/Update-math-gl2)
