kiva v0.6.6+reduce_boost.a37a201a.12 (linux-gnu-64bit)
Copyright (C) 2012-2023 Big Ladder Software LLC
Web: bigladdersoftware.com
<<<<<<< HEAD
Starting Program: 2023-Aug-02 21:12:13.010585
=======
Starting Program: 2023-Aug-02 21:12:26.503630
>>>>>>> 0f8462dd0 (Improve naming when updating boost.)
Creating Domain...
  X Cells: 41
  Y Cells: 1
  Z Cells: 50
  Total Cells: 2050
Initializing Temperatures...
<<<<<<< HEAD
  2014-Sep-14 09:00:00
Beginning Simulation...
  2015-Jun-27 07:00:00 (48.6%)
  2015-Dec-31 23:00:00 (100%)
Finished Program: 2023-Aug-02 21:12:15.678100
Elapsed Time: 00:00:02.667515
=======
  2014-Apr-28 05:00:00
Beginning Simulation...
  2015-Mar-13 15:00:00 (19.6%)
  2015-Dec-31 23:00:00 (100%)
Finished Program: 2023-Aug-02 21:12:28.987915
Elapsed Time: 00:00:02.484285
>>>>>>> 0f8462dd0 (Improve naming when updating boost.)
