kiva v0.3.1-164-g3c96274 (windows-gnu-x86)
Copyright (C) 2012-2017 Big Ladder Software LLC
Web: bigladdersoftware.com

Starting Program: 2017-Feb-10 14:46:14.125921
Creating Domain...
  X Cells: 41
  Y Cells: 1
  Z Cells: 50
  Total Cells: 2050
Initializing Temperatures...
  2014-Feb-11 06:00:00
  2014-Jul-07 05:00:00
  2014-Nov-24 07:00:00
Beginning Simulation...
  2015-Apr-05 00:00:00 (25.8%)
  2015-Aug-10 13:00:00 (60.7%)
  2015-Dec-20 08:00:00 (96.8%)
  2015-Dec-31 23:00:00 (100%)
Finished Program: 2017-Feb-10 14:46:20.079047
Elapsed Time: 00:00:05.953126
