kiva v0.6.6+update_math_gl.775e2482.4 (mac-appleclang-64bit)
Copyright (C) 2012-2023 Big Ladder Software LLC
Web: bigladdersoftware.com
<<<<<<< HEAD
Starting Program: 2023-Sep-14 20:52:33.503503
=======
Starting Program: 2023-Sep-14 20:54:28.162362
>>>>>>> d02a6155a (remove extraneous files [mac-appleclang-64bit])
Creating Domain...
  X Cells: 48
  Y Cells: 1
  Z Cells: 34
  Total Cells: 1632
Initializing Temperatures...
<<<<<<< HEAD
  2014-Jun-05 06:00:00
Beginning Simulation...
  2015-Jun-06 05:00:00 (42.8%)
  2015-Dec-31 23:00:00 (100%)
Finished Program: 2023-Sep-14 20:52:35.646097
Elapsed Time: 00:00:02.142594
=======
  2014-Oct-04 01:00:00
Beginning Simulation...
  2015-Sep-01 11:00:00 (66.7%)
  2015-Dec-31 23:00:00 (100%)
Finished Program: 2023-Sep-14 20:54:30.388736
Elapsed Time: 00:00:02.226374
>>>>>>> d02a6155a (remove extraneous files [mac-appleclang-64bit])
