kiva v0.5.0+HEAD.73adecc.7 (windows-msvc-32bit)
Copyright (C) 2012-2018 Big Ladder Software LLC
Web: bigladdersoftware.com
Starting Program: 2018-Dec-18 17:37:55.705105
Creating Domain...
  X Cells: 48
  Y Cells: 1
  Z Cells: 34
  Total Cells: 1632
Initializing Temperatures...
  2014-Apr-20 18:00:00
  2014-Sep-01 19:00:00
Beginning Simulation...
  2015-Jan-01 05:00:00 (0.1%)
  2015-Apr-17 23:00:00 (29.3%)
  2015-Aug-02 23:00:00 (58.6%)
  2015-Nov-23 12:00:00 (89.5%)
  2015-Dec-31 23:00:00 (100%)
Finished Program: 2018-Dec-18 17:38:02.376981
Elapsed Time: 00:00:06.671876
