kiva v0.4.0-g6a59c11 (windows-gnu-32bit)
Copyright (C) 2012-2018 Big Ladder Software LLC
Web: bigladdersoftware.com
Starting Program: 2018-Jul-31 18:35:51.958276
Creating Domain...
  X Cells: 41
  Y Cells: 1
  Z Cells: 50
  Total Cells: 2050
Initializing Temperatures...
  2014-Jan-16 04:00:00
  2014-May-23 21:00:00
  2014-Oct-16 02:00:00
Beginning Simulation...
  2015-Feb-15 13:00:00 (12.5%)
  2015-Jun-08 10:00:00 (43.4%)
  2015-Sep-27 02:00:00 (73.7%)
  2015-Dec-31 23:00:00 (100%)
Finished Program: 2018-Jul-31 18:35:58.864468
Elapsed Time: 00:00:06.906192
