kiva v0.6.5+cleanup-ci.80fd6257.12 (mac-appleclang-64bit)
Copyright (C) 2012-2023 Big Ladder Software LLC
Web: bigladdersoftware.com
<<<<<<< HEAD
Starting Program: 2023-Feb-01 15:58:31.225218
=======
Starting Program: 2023-Feb-01 16:03:25.846644
>>>>>>> 8125b181 (Fix git branch env variable name. [mac-appleclang-64bit])
Creating Domain...
  X Cells: 41
  Y Cells: 1
  Z Cells: 50
  Total Cells: 2050
Initializing Temperatures...
<<<<<<< HEAD
  2014-Jun-28 10:00:00
Beginning Simulation...
  2015-Apr-03 03:00:00 (25.2%)
  2015-Nov-28 23:00:00 (90.9%)
  2015-Dec-31 23:00:00 (100%)
Finished Program: 2023-Feb-01 15:58:34.126781
Elapsed Time: 00:00:02.901563
=======
  2013-Nov-26 23:00:00
  2014-Aug-25 23:00:00
Beginning Simulation...
  2015-Jan-19 18:00:00 (5.1%)
  2015-May-03 02:00:00 (33.4%)
  2015-Oct-06 00:00:00 (76.2%)
  2015-Dec-31 23:00:00 (100%)
Finished Program: 2023-Feb-01 16:03:30.394326
Elapsed Time: 00:00:04.547682
>>>>>>> 8125b181 (Fix git branch env variable name. [mac-appleclang-64bit])
