kiva v?.?.?
Copyright (C) 2012-2017 Big Ladder Software LLC
Web: bigladdersoftware.com

Starting Program: 2017-Feb-10 18:58:16.894884
Creating Domain...
  X Cells: 48
  Y Cells: 1
  Z Cells: 34
  Total Cells: 1632
Initializing Temperatures...
  2014-Jun-10 20:00:00
Beginning Simulation...
  2015-Jan-08 01:00:00 (1.9%)
  2015-Jan-23 12:00:00 (6.2%)
  2015-Apr-18 16:00:00 (29.5%)
  2015-Aug-11 20:00:00 (61.1%)
  2015-Oct-16 07:00:00 (79%)
  2015-Dec-31 23:00:00 (100%)
Finished Program: 2017-Feb-10 18:58:23.739698
Elapsed Time: 00:00:06.844814
