kiva v0.3.1-g5ae9dc1 (mac-clang-64bit)
Copyright (C) 2012-2017 Big Ladder Software LLC
Web: bigladdersoftware.com
Starting Program: 2017-Apr-04 20:02:46.033309
Creating Domain...
  X Cells: 41
  Y Cells: 1
  Z Cells: 50
  Total Cells: 2050
Initializing Temperatures...
  2014-Mar-11 06:00:00
  2014-Jul-10 00:00:00
  2014-Nov-13 05:00:00
Beginning Simulation...
  2015-Feb-28 08:00:00 (16%)
  2015-May-21 13:00:00 (38.5%)
  2015-Aug-22 13:00:00 (64%)
  2015-Nov-18 10:00:00 (88.1%)
  2015-Dec-31 23:00:00 (100%)
Finished Program: 2017-Apr-04 20:02:53.500619
Elapsed Time: 00:00:07.467310
